1752481931: mosquitto version 2.0.22 starting
1752481931: Config loaded from /mosquitto/config/mosquitto.conf.
1752481931: Opening ipv4 listen socket on port 1883.
1752481931: Opening ipv6 listen socket on port 1883.
1752481931: Opening websockets listen socket on port 9001.
1752481931: mosquitto version 2.0.22 running
1752482044: mosquitto version 2.0.22 terminating
1752482044: Saving in-memory database to /mosquitto/data//mosquitto.db.
1752482046: mosquitto version 2.0.22 starting
1752482046: Config loaded from /mosquitto/config/mosquitto.conf.
1752482046: Opening ipv4 listen socket on port 1883.
1752482046: Opening ipv6 listen socket on port 1883.
1752482046: Opening websockets listen socket on port 9001.
1752482046: mosquitto version 2.0.22 running
1752482046: New connection from 192.168.65.1:16193 on port 1883.
1752482046: Client <unknown> closed its connection.
1752482185: mosquitto version 2.0.22 starting
1752482185: Config loaded from /mosquitto/config/mosquitto.conf.
1752482185: Opening ipv4 listen socket on port 1883.
1752482185: Opening ipv6 listen socket on port 1883.
1752482185: Opening websockets listen socket on port 9001.
1752482185: mosquitto version 2.0.22 running
1752482243: mosquitto version 2.0.22 terminating
1752482243: Saving in-memory database to /mosquitto/data//mosquitto.db.
1752482244: mosquitto version 2.0.22 starting
1752482244: Config loaded from /mosquitto/config/mosquitto.conf.
1752482244: Opening ipv4 listen socket on port 1883.
1752482244: Opening ipv6 listen socket on port 1883.
1752482244: Opening websockets listen socket on port 9001.
1752482244: mosquitto version 2.0.22 running
1752482475: mosquitto version 2.0.22 terminating
1752482475: Saving in-memory database to /mosquitto/data//mosquitto.db.
1752482475: mosquitto version 2.0.22 starting
1752482475: Config loaded from /mosquitto/config/mosquitto.conf.
1752482475: Opening ipv4 listen socket on port 1883.
1752482475: Opening ipv6 listen socket on port 1883.
1752482475: Opening websockets listen socket on port 9001.
1752482475: mosquitto version 2.0.22 running
1752482475: New connection from 172.18.0.3:44081 on port 1883.
1752482475: New client connected from 172.18.0.3:44081 as mqtt-dmx-sequencer (p2, c1, k60).
1752482475: No will message specified.
1752482475: Sending CONNACK to mqtt-dmx-sequencer (0, 0)
1752482475: Received SUBSCRIBE from mqtt-dmx-sequencer
1752482475: 	scene/intro (QoS 0)
1752482475: mqtt-dmx-sequencer 0 scene/intro
1752482475: Sending SUBACK to mqtt-dmx-sequencer
1752482475: Received SUBSCRIBE from mqtt-dmx-sequencer
1752482475: 	scene/blackout (QoS 0)
1752482475: mqtt-dmx-sequencer 0 scene/blackout
1752482475: Sending SUBACK to mqtt-dmx-sequencer
1752482475: Received SUBSCRIBE from mqtt-dmx-sequencer
1752482475: 	dmx/set/channel/# (QoS 0)
1752482475: mqtt-dmx-sequencer 0 dmx/set/channel/#
1752482475: Sending SUBACK to mqtt-dmx-sequencer
1752482475: Received SUBSCRIBE from mqtt-dmx-sequencer
1752482475: 	dmx/scene/# (QoS 0)
1752482475: mqtt-dmx-sequencer 0 dmx/scene/#
1752482475: Sending SUBACK to mqtt-dmx-sequencer
1752482475: Received SUBSCRIBE from mqtt-dmx-sequencer
1752482475: 	dmx/sender/# (QoS 0)
1752482475: mqtt-dmx-sequencer 0 dmx/sender/#
1752482475: Sending SUBACK to mqtt-dmx-sequencer
1752482475: Received SUBSCRIBE from mqtt-dmx-sequencer
1752482475: 	dmx/config/# (QoS 0)
1752482475: mqtt-dmx-sequencer 0 dmx/config/#
1752482475: Sending SUBACK to mqtt-dmx-sequencer
1752482536: Received PINGREQ from mqtt-dmx-sequencer
1752482536: Sending PINGRESP to mqtt-dmx-sequencer
1752482596: Received PINGREQ from mqtt-dmx-sequencer
1752482596: Sending PINGRESP to mqtt-dmx-sequencer
1752482656: Received PINGREQ from mqtt-dmx-sequencer
1752482656: Sending PINGRESP to mqtt-dmx-sequencer
1752482717: Received PINGREQ from mqtt-dmx-sequencer
1752482717: Sending PINGRESP to mqtt-dmx-sequencer
1752482759: New connection from 172.18.0.3:37454 on port 1883.
1752482759: Client <unknown> closed its connection.
1752482777: Received PINGREQ from mqtt-dmx-sequencer
1752482777: Sending PINGRESP to mqtt-dmx-sequencer
1752482790: New connection from 192.168.65.1:20533 on port 1883.
1752482790: New client connected from 192.168.65.1:20533 as auto-D98D490A-E553-0F89-CC66-B2CE97B11D56 (p2, c1, k60).
1752482790: No will message specified.
1752482790: Sending CONNACK to auto-D98D490A-E553-0F89-CC66-B2CE97B11D56 (0, 0)
1752482792: Received PUBLISH from auto-D98D490A-E553-0F89-CC66-B2CE97B11D56 (d0, q0, r0, m0, 'dmx/scene/blackout', ... (0 bytes))
1752482792: Sending PUBLISH to mqtt-dmx-sequencer (d0, q0, r0, m0, 'dmx/scene/blackout', ... (0 bytes))
1752482793: Received PUBLISH from auto-D98D490A-E553-0F89-CC66-B2CE97B11D56 (d0, q0, r0, m0, 'dmx/scene/led white', ... (0 bytes))
1752482793: Sending PUBLISH to mqtt-dmx-sequencer (d0, q0, r0, m0, 'dmx/scene/led white', ... (0 bytes))
1752482794: Received PUBLISH from auto-D98D490A-E553-0F89-CC66-B2CE97B11D56 (d0, q0, r0, m0, 'dmx/set/channel/1', ... (3 bytes))
1752482794: Sending PUBLISH to mqtt-dmx-sequencer (d0, q0, r0, m0, 'dmx/set/channel/1', ... (3 bytes))
1752482795: Received DISCONNECT from auto-D98D490A-E553-0F89-CC66-B2CE97B11D56
1752482795: Client auto-D98D490A-E553-0F89-CC66-B2CE97B11D56 disconnected.
1752482838: Received PINGREQ from mqtt-dmx-sequencer
1752482838: Sending PINGRESP to mqtt-dmx-sequencer
1752482898: Received PINGREQ from mqtt-dmx-sequencer
1752482898: Sending PINGRESP to mqtt-dmx-sequencer
1752482958: Received PINGREQ from mqtt-dmx-sequencer
1752482958: Sending PINGRESP to mqtt-dmx-sequencer
1752483019: Received PINGREQ from mqtt-dmx-sequencer
1752483019: Sending PINGRESP to mqtt-dmx-sequencer
1752483079: Received PINGREQ from mqtt-dmx-sequencer
1752483079: Sending PINGRESP to mqtt-dmx-sequencer
1752483139: Received PINGREQ from mqtt-dmx-sequencer
1752483139: Sending PINGRESP to mqtt-dmx-sequencer
1752483199: Received PINGREQ from mqtt-dmx-sequencer
1752483199: Sending PINGRESP to mqtt-dmx-sequencer
1752483260: Received PINGREQ from mqtt-dmx-sequencer
1752483260: Sending PINGRESP to mqtt-dmx-sequencer
1752483320: Received PINGREQ from mqtt-dmx-sequencer
1752483320: Sending PINGRESP to mqtt-dmx-sequencer
1752483380: Received PINGREQ from mqtt-dmx-sequencer
1752483380: Sending PINGRESP to mqtt-dmx-sequencer
1752483440: Received PINGREQ from mqtt-dmx-sequencer
1752483440: Sending PINGRESP to mqtt-dmx-sequencer
1752483501: Received PINGREQ from mqtt-dmx-sequencer
1752483501: Sending PINGRESP to mqtt-dmx-sequencer
1752483561: Received PINGREQ from mqtt-dmx-sequencer
1752483561: Sending PINGRESP to mqtt-dmx-sequencer
1752483621: Received PINGREQ from mqtt-dmx-sequencer
1752483621: Sending PINGRESP to mqtt-dmx-sequencer
1752483681: Received PINGREQ from mqtt-dmx-sequencer
1752483681: Sending PINGRESP to mqtt-dmx-sequencer
1752483742: Received PINGREQ from mqtt-dmx-sequencer
1752483742: Sending PINGRESP to mqtt-dmx-sequencer
1752483802: Received PINGREQ from mqtt-dmx-sequencer
1752483802: Sending PINGRESP to mqtt-dmx-sequencer
1752483862: Received PINGREQ from mqtt-dmx-sequencer
1752483862: Sending PINGRESP to mqtt-dmx-sequencer
1752483922: Received PINGREQ from mqtt-dmx-sequencer
1752483922: Sending PINGRESP to mqtt-dmx-sequencer
1752483983: Received PINGREQ from mqtt-dmx-sequencer
1752483983: Sending PINGRESP to mqtt-dmx-sequencer
1752484043: Received PINGREQ from mqtt-dmx-sequencer
1752484043: Sending PINGRESP to mqtt-dmx-sequencer
1752484103: Received PINGREQ from mqtt-dmx-sequencer
1752484103: Sending PINGRESP to mqtt-dmx-sequencer
1752484164: Received PINGREQ from mqtt-dmx-sequencer
1752484164: Sending PINGRESP to mqtt-dmx-sequencer
1752484224: Received PINGREQ from mqtt-dmx-sequencer
1752484224: Sending PINGRESP to mqtt-dmx-sequencer
1752484276: Saving in-memory database to /mosquitto/data//mosquitto.db.
1752484284: Received PINGREQ from mqtt-dmx-sequencer
1752484284: Sending PINGRESP to mqtt-dmx-sequencer
1752484345: Received PINGREQ from mqtt-dmx-sequencer
1752484345: Sending PINGRESP to mqtt-dmx-sequencer
1752484405: Received PINGREQ from mqtt-dmx-sequencer
1752484405: Sending PINGRESP to mqtt-dmx-sequencer
1752484465: Received PINGREQ from mqtt-dmx-sequencer
1752484465: Sending PINGRESP to mqtt-dmx-sequencer
1752484525: Received PINGREQ from mqtt-dmx-sequencer
1752484525: Sending PINGRESP to mqtt-dmx-sequencer
1752484586: Received PINGREQ from mqtt-dmx-sequencer
1752484586: Sending PINGRESP to mqtt-dmx-sequencer
1752484646: Received PINGREQ from mqtt-dmx-sequencer
1752484646: Sending PINGRESP to mqtt-dmx-sequencer
1752484706: Received PINGREQ from mqtt-dmx-sequencer
1752484706: Sending PINGRESP to mqtt-dmx-sequencer
1752484767: Received PINGREQ from mqtt-dmx-sequencer
1752484767: Sending PINGRESP to mqtt-dmx-sequencer
1752484827: Received PINGREQ from mqtt-dmx-sequencer
1752484827: Sending PINGRESP to mqtt-dmx-sequencer
1752484887: Received PINGREQ from mqtt-dmx-sequencer
1752484887: Sending PINGRESP to mqtt-dmx-sequencer
1752484948: Received PINGREQ from mqtt-dmx-sequencer
1752484948: Sending PINGRESP to mqtt-dmx-sequencer
1752485008: Received PINGREQ from mqtt-dmx-sequencer
1752485008: Sending PINGRESP to mqtt-dmx-sequencer
1752485068: Received PINGREQ from mqtt-dmx-sequencer
1752485068: Sending PINGRESP to mqtt-dmx-sequencer
1752485128: Received PINGREQ from mqtt-dmx-sequencer
1752485128: Sending PINGRESP to mqtt-dmx-sequencer
1752485189: Received PINGREQ from mqtt-dmx-sequencer
1752485189: Sending PINGRESP to mqtt-dmx-sequencer
1752485249: Received PINGREQ from mqtt-dmx-sequencer
1752485249: Sending PINGRESP to mqtt-dmx-sequencer
1752485309: Received PINGREQ from mqtt-dmx-sequencer
1752485309: Sending PINGRESP to mqtt-dmx-sequencer
1752485370: Received PINGREQ from mqtt-dmx-sequencer
1752485370: Sending PINGRESP to mqtt-dmx-sequencer
1752485430: Received PINGREQ from mqtt-dmx-sequencer
1752485430: Sending PINGRESP to mqtt-dmx-sequencer
1752485490: Received PINGREQ from mqtt-dmx-sequencer
1752485490: Sending PINGRESP to mqtt-dmx-sequencer
1752485551: Received PINGREQ from mqtt-dmx-sequencer
1752485551: Sending PINGRESP to mqtt-dmx-sequencer
1752485611: Received PINGREQ from mqtt-dmx-sequencer
1752485611: Sending PINGRESP to mqtt-dmx-sequencer
1752485671: Received PINGREQ from mqtt-dmx-sequencer
1752485671: Sending PINGRESP to mqtt-dmx-sequencer
1752485732: Received PINGREQ from mqtt-dmx-sequencer
1752485732: Sending PINGRESP to mqtt-dmx-sequencer
1752485792: Received PINGREQ from mqtt-dmx-sequencer
1752485792: Sending PINGRESP to mqtt-dmx-sequencer
1752485852: Received PINGREQ from mqtt-dmx-sequencer
1752485852: Sending PINGRESP to mqtt-dmx-sequencer
1752485912: Received PINGREQ from mqtt-dmx-sequencer
1752485912: Sending PINGRESP to mqtt-dmx-sequencer
1752485973: Received PINGREQ from mqtt-dmx-sequencer
1752485973: Sending PINGRESP to mqtt-dmx-sequencer
1752486033: Received PINGREQ from mqtt-dmx-sequencer
1752486033: Sending PINGRESP to mqtt-dmx-sequencer
